#! /usr/bin/vvp
:ivl_version "10.3 (stable)";
:ivl_delay_selection "TYPICAL";
:vpi_time_precision - 11;
:vpi_module "system";
:vpi_module "vhdl_sys";
:vpi_module "v2005_math";
:vpi_module "va_math";
S_0x555b04b865a0 .scope module, "FLS_tb" "FLS_tb" 2 3;
 .timescale -9 -11;
v0x555b04bca8f0_0 .var "clk", 0 0;
v0x555b04bca9b0_0 .var "en", 0 0;
v0x555b04bcaa80_0 .var "in", 6 0;
v0x555b04bcab80_0 .net "out", 6 0, L_0x555b04bcbba0;  1 drivers
v0x555b04bcac50_0 .var "reset", 0 0;
S_0x555b04b89ec0 .scope module, "fls" "FLS" 2 13, 3 8 0, S_0x555b04b865a0;
 .timescale 0 0;
    .port_info 0 /INPUT 1 "clock"
    .port_info 1 /INPUT 1 "reset"
    .port_info 2 /INPUT 1 "io_en"
    .port_info 3 /INPUT 7 "io_in"
    .port_info 4 /OUTPUT 7 "io_out"
L_0x555b04b5e910 .functor NOT 1, v0x555b04bca9b0_0, C4<0>, C4<0>, C4<0>;
L_0x555b04bcb270 .functor NOT 1, v0x555b04bca9b0_0, C4<0>, C4<0>, C4<0>;
L_0x555b04bcbba0 .functor BUFZ 7, v0x555b04bca240_0, C4<0000000>, C4<0000000>, C4<0000000>;
L_0x555b04bcce20 .functor BUFZ 7, v0x555b04bca680_0, C4<0000000>, C4<0000000>, C4<0000000>;
L_0x555b04bcce90 .functor BUFZ 7, v0x555b04bca240_0, C4<0000000>, C4<0000000>, C4<0000000>;
v0x555b04bc7e00_0 .net "_GEN_0", 6 0, L_0x555b04bcafe0;  1 drivers
v0x555b04bc7ee0_0 .net "_GEN_10", 6 0, L_0x555b04bcc060;  1 drivers
v0x555b04bc7fc0_0 .net "_GEN_11", 6 0, L_0x555b04bcc1e0;  1 drivers
v0x555b04bc8080_0 .net "_GEN_12", 2 0, L_0x555b04bcc320;  1 drivers
v0x555b04bc8160_0 .net "_GEN_13", 2 0, L_0x555b04bcc4b0;  1 drivers
v0x555b04bc8290_0 .net "_GEN_14", 6 0, L_0x555b04bcc5f0;  1 drivers
v0x555b04bc8370_0 .net "_GEN_15", 6 0, L_0x555b04bcc3c0;  1 drivers
v0x555b04bc8450_0 .net "_GEN_16", 6 0, L_0x555b04bcc790;  1 drivers
v0x555b04bc8530_0 .net "_GEN_17", 6 0, L_0x555b04bcc9e0;  1 drivers
v0x555b04bc8610_0 .net "_GEN_18", 2 0, L_0x555b04bccad0;  1 drivers
v0x555b04bc86f0_0 .net "_GEN_2", 2 0, L_0x555b04bcb340;  1 drivers
v0x555b04bc87d0_0 .net "_GEN_3", 6 0, L_0x555b04bcb590;  1 drivers
v0x555b04bc88b0_0 .net "_GEN_4", 2 0, L_0x555b04bcb680;  1 drivers
v0x555b04bc8990_0 .net "_GEN_5", 2 0, L_0x555b04bcb8e0;  1 drivers
v0x555b04bc8a70_0 .net "_GEN_6", 6 0, L_0x555b04bcbb00;  1 drivers
v0x555b04bc8b50_0 .net "_GEN_7", 2 0, L_0x555b04bcbc60;  1 drivers
v0x555b04bc8c30_0 .net "_GEN_9", 2 0, L_0x555b04bcbf20;  1 drivers
v0x555b04bc8d10_0 .net "_T", 0 0, L_0x555b04bcad20;  1 drivers
v0x555b04bc8dd0_0 .net "_T_1", 0 0, L_0x555b04bcae70;  1 drivers
v0x555b04bc8e90_0 .net "_T_2", 0 0, L_0x555b04bcb120;  1 drivers
v0x555b04bc8f50_0 .net "_T_3", 0 0, L_0x555b04b5e910;  1 drivers
v0x555b04bc9010_0 .net "_T_4", 0 0, L_0x555b04bcb460;  1 drivers
v0x555b04bc90d0_0 .net "_T_5", 0 0, L_0x555b04bcb7c0;  1 drivers
v0x555b04bc9190_0 .net "_T_7", 0 0, L_0x555b04bcba60;  1 drivers
v0x555b04bc9250_0 .net "_T_8", 0 0, L_0x555b04bcbd80;  1 drivers
L_0x7f50c4166018 .functor BUFT 1, C4<000>, C4<0>, C4<0>, C4<0>;
v0x555b04bc9310_0 .net/2u *"_s0", 2 0, L_0x7f50c4166018;  1 drivers
L_0x7f50c41660a8 .functor BUFT 1, C4<010>, C4<0>, C4<0>, C4<0>;
v0x555b04bc93f0_0 .net/2u *"_s10", 2 0, L_0x7f50c41660a8;  1 drivers
v0x555b04bc94d0_0 .net *"_s16", 0 0, L_0x555b04bcb270;  1 drivers
L_0x7f50c41660f0 .functor BUFT 1, C4<011>, C4<0>, C4<0>, C4<0>;
v0x555b04bc95b0_0 .net/2u *"_s18", 2 0, L_0x7f50c41660f0;  1 drivers
L_0x7f50c4166138 .functor BUFT 1, C4<011>, C4<0>, C4<0>, C4<0>;
v0x555b04bc9690_0 .net/2u *"_s22", 2 0, L_0x7f50c4166138;  1 drivers
L_0x7f50c4166180 .functor BUFT 1, C4<100>, C4<0>, C4<0>, C4<0>;
v0x555b04bc9770_0 .net/2u *"_s28", 2 0, L_0x7f50c4166180;  1 drivers
L_0x7f50c41661c8 .functor BUFT 1, C4<100>, C4<0>, C4<0>, C4<0>;
v0x555b04bc9850_0 .net/2u *"_s32", 2 0, L_0x7f50c41661c8;  1 drivers
L_0x7f50c4166210 .functor BUFT 1, C4<101>, C4<0>, C4<0>, C4<0>;
v0x555b04bc9930_0 .net/2u *"_s36", 2 0, L_0x7f50c4166210;  1 drivers
L_0x7f50c4166060 .functor BUFT 1, C4<001>, C4<0>, C4<0>, C4<0>;
v0x555b04bc9c20_0 .net/2u *"_s4", 2 0, L_0x7f50c4166060;  1 drivers
L_0x7f50c4166258 .functor BUFT 1, C4<101>, C4<0>, C4<0>, C4<0>;
v0x555b04bc9d00_0 .net/2u *"_s40", 2 0, L_0x7f50c4166258;  1 drivers
L_0x7f50c41662a0 .functor BUFT 1, C4<110>, C4<0>, C4<0>, C4<0>;
v0x555b04bc9de0_0 .net/2u *"_s46", 2 0, L_0x7f50c41662a0;  1 drivers
L_0x7f50c41662e8 .functor BUFT 1, C4<110>, C4<0>, C4<0>, C4<0>;
v0x555b04bc9ec0_0 .net/2u *"_s50", 2 0, L_0x7f50c41662e8;  1 drivers
v0x555b04bc9fa0_0 .net "alu_io_a", 6 0, L_0x555b04bcce20;  1 drivers
v0x555b04bca060_0 .net "alu_io_b", 6 0, L_0x555b04bcce90;  1 drivers
v0x555b04bca100_0 .net "alu_io_res", 6 0, L_0x555b04bccc90;  1 drivers
v0x555b04bca1a0_0 .net "clock", 0 0, v0x555b04bca8f0_0;  1 drivers
v0x555b04bca240_0 .var "current", 6 0;
v0x555b04bca320_0 .var "current_state", 2 0;
v0x555b04bca400_0 .net "io_en", 0 0, v0x555b04bca9b0_0;  1 drivers
v0x555b04bca4c0_0 .net "io_in", 6 0, v0x555b04bcaa80_0;  1 drivers
v0x555b04bca5a0_0 .net "io_out", 6 0, L_0x555b04bcbba0;  alias, 1 drivers
v0x555b04bca680_0 .var "prev", 6 0;
v0x555b04bca760_0 .net "reset", 0 0, v0x555b04bcac50_0;  1 drivers
E_0x555b04b95420 .event posedge, v0x555b04bca1a0_0;
L_0x555b04bcad20 .cmp/eq 3, L_0x7f50c4166018, v0x555b04bca320_0;
L_0x555b04bcae70 .cmp/eq 3, L_0x7f50c4166060, v0x555b04bca320_0;
L_0x555b04bcafe0 .functor MUXZ 7, v0x555b04bca240_0, v0x555b04bcaa80_0, v0x555b04bca9b0_0, C4<>;
L_0x555b04bcb120 .cmp/eq 3, L_0x7f50c41660a8, v0x555b04bca320_0;
L_0x555b04bcb340 .functor MUXZ 3, v0x555b04bca320_0, L_0x7f50c41660f0, L_0x555b04bcb270, C4<>;
L_0x555b04bcb460 .cmp/eq 3, L_0x7f50c4166138, v0x555b04bca320_0;
L_0x555b04bcb590 .functor MUXZ 7, v0x555b04bca680_0, v0x555b04bca240_0, v0x555b04bca9b0_0, C4<>;
L_0x555b04bcb680 .functor MUXZ 3, v0x555b04bca320_0, L_0x7f50c4166180, v0x555b04bca9b0_0, C4<>;
L_0x555b04bcb7c0 .cmp/eq 3, L_0x7f50c41661c8, v0x555b04bca320_0;
L_0x555b04bcb8e0 .functor MUXZ 3, v0x555b04bca320_0, L_0x7f50c4166210, L_0x555b04b5e910, C4<>;
L_0x555b04bcba60 .cmp/eq 3, L_0x7f50c4166258, v0x555b04bca320_0;
L_0x555b04bcbb00 .functor MUXZ 7, v0x555b04bca240_0, L_0x555b04bccc90, v0x555b04bca9b0_0, C4<>;
L_0x555b04bcbc60 .functor MUXZ 3, v0x555b04bca320_0, L_0x7f50c41662a0, v0x555b04bca9b0_0, C4<>;
L_0x555b04bcbd80 .cmp/eq 3, L_0x7f50c41662e8, v0x555b04bca320_0;
L_0x555b04bcbf20 .functor MUXZ 3, v0x555b04bca320_0, L_0x555b04bcb8e0, L_0x555b04bcbd80, C4<>;
L_0x555b04bcc060 .functor MUXZ 7, v0x555b04bca240_0, L_0x555b04bcbb00, L_0x555b04bcba60, C4<>;
L_0x555b04bcc1e0 .functor MUXZ 7, v0x555b04bca680_0, L_0x555b04bcb590, L_0x555b04bcba60, C4<>;
L_0x555b04bcc320 .functor MUXZ 3, L_0x555b04bcbf20, L_0x555b04bcbc60, L_0x555b04bcba60, C4<>;
L_0x555b04bcc4b0 .functor MUXZ 3, L_0x555b04bcc320, L_0x555b04bcb8e0, L_0x555b04bcb7c0, C4<>;
L_0x555b04bcc5f0 .functor MUXZ 7, L_0x555b04bcc060, v0x555b04bca240_0, L_0x555b04bcb7c0, C4<>;
L_0x555b04bcc3c0 .functor MUXZ 7, L_0x555b04bcc1e0, v0x555b04bca680_0, L_0x555b04bcb7c0, C4<>;
L_0x555b04bcc790 .functor MUXZ 7, L_0x555b04bcc5f0, L_0x555b04bcafe0, L_0x555b04bcb460, C4<>;
L_0x555b04bcc9e0 .functor MUXZ 7, L_0x555b04bcc3c0, L_0x555b04bcb590, L_0x555b04bcb460, C4<>;
L_0x555b04bccad0 .functor MUXZ 3, L_0x555b04bcc4b0, L_0x555b04bcb680, L_0x555b04bcb460, C4<>;
S_0x555b04b8aeb0 .scope module, "alu" "ALU" 3 51, 3 1 0, S_0x555b04b89ec0;
 .timescale 0 0;
    .port_info 0 /INPUT 7 "io_a"
    .port_info 1 /INPUT 7 "io_b"
    .port_info 2 /OUTPUT 7 "io_res"
v0x555b04b901f0_0 .net "io_a", 6 0, L_0x555b04bcce20;  alias, 1 drivers
v0x555b04bc7be0_0 .net "io_b", 6 0, L_0x555b04bcce90;  alias, 1 drivers
v0x555b04bc7cc0_0 .net "io_res", 6 0, L_0x555b04bccc90;  alias, 1 drivers
L_0x555b04bccc90 .arith/sum 7, L_0x555b04bcce20, L_0x555b04bcce90;
    .scope S_0x555b04b89ec0;
T_0 ;
    %wait E_0x555b04b95420;
    %load/vec4 v0x555b04bca760_0;
    %flag_set/vec4 8;
    %jmp/0xz  T_0.0, 8;
    %pushi/vec4 0, 0, 3;
    %assign/vec4 v0x555b04bca320_0, 0;
    %jmp T_0.1;
T_0.0 ;
    %load/vec4 v0x555b04bc8d10_0;
    %flag_set/vec4 8;
    %jmp/0xz  T_0.2, 8;
    %pushi/vec4 1, 0, 3;
    %assign/vec4 v0x555b04bca320_0, 0;
    %jmp T_0.3;
T_0.2 ;
    %load/vec4 v0x555b04bc8dd0_0;
    %flag_set/vec4 8;
    %jmp/0xz  T_0.4, 8;
    %load/vec4 v0x555b04bca400_0;
    %flag_set/vec4 8;
    %jmp/0xz  T_0.6, 8;
    %pushi/vec4 2, 0, 3;
    %assign/vec4 v0x555b04bca320_0, 0;
T_0.6 ;
    %jmp T_0.5;
T_0.4 ;
    %load/vec4 v0x555b04bc8e90_0;
    %flag_set/vec4 8;
    %jmp/0xz  T_0.8, 8;
    %load/vec4 v0x555b04bc86f0_0;
    %assign/vec4 v0x555b04bca320_0, 0;
    %jmp T_0.9;
T_0.8 ;
    %load/vec4 v0x555b04bc8610_0;
    %assign/vec4 v0x555b04bca320_0, 0;
T_0.9 ;
T_0.5 ;
T_0.3 ;
T_0.1 ;
    %load/vec4 v0x555b04bca760_0;
    %flag_set/vec4 8;
    %jmp/0xz  T_0.10, 8;
    %pushi/vec4 0, 0, 7;
    %assign/vec4 v0x555b04bca680_0, 0;
    %jmp T_0.11;
T_0.10 ;
    %load/vec4 v0x555b04bc8d10_0;
    %nor/r;
    %flag_set/vec4 8;
    %jmp/0xz  T_0.12, 8;
    %load/vec4 v0x555b04bc8dd0_0;
    %nor/r;
    %flag_set/vec4 8;
    %jmp/0xz  T_0.14, 8;
    %load/vec4 v0x555b04bc8e90_0;
    %nor/r;
    %flag_set/vec4 8;
    %jmp/0xz  T_0.16, 8;
    %load/vec4 v0x555b04bc8530_0;
    %assign/vec4 v0x555b04bca680_0, 0;
T_0.16 ;
T_0.14 ;
T_0.12 ;
T_0.11 ;
    %load/vec4 v0x555b04bca760_0;
    %flag_set/vec4 8;
    %jmp/0xz  T_0.18, 8;
    %pushi/vec4 0, 0, 7;
    %assign/vec4 v0x555b04bca240_0, 0;
    %jmp T_0.19;
T_0.18 ;
    %load/vec4 v0x555b04bc8d10_0;
    %flag_set/vec4 8;
    %jmp/0xz  T_0.20, 8;
    %pushi/vec4 0, 0, 7;
    %assign/vec4 v0x555b04bca240_0, 0;
    %jmp T_0.21;
T_0.20 ;
    %load/vec4 v0x555b04bc8dd0_0;
    %flag_set/vec4 8;
    %jmp/0xz  T_0.22, 8;
    %load/vec4 v0x555b04bca400_0;
    %flag_set/vec4 8;
    %jmp/0xz  T_0.24, 8;
    %load/vec4 v0x555b04bca4c0_0;
    %assign/vec4 v0x555b04bca240_0, 0;
T_0.24 ;
    %jmp T_0.23;
T_0.22 ;
    %load/vec4 v0x555b04bc8e90_0;
    %nor/r;
    %flag_set/vec4 8;
    %jmp/0xz  T_0.26, 8;
    %load/vec4 v0x555b04bc8450_0;
    %assign/vec4 v0x555b04bca240_0, 0;
T_0.26 ;
T_0.23 ;
T_0.21 ;
T_0.19 ;
    %jmp T_0;
    .thread T_0;
    .scope S_0x555b04b89ec0;
T_1 ;
    %end;
    .thread T_1;
    .scope S_0x555b04b865a0;
T_2 ;
    %vpi_call 2 10 "$dumpfile", "test.vcd" {0 0 0};
    %vpi_call 2 11 "$dumpvars", 32'sb00000000000000000000000000000000, S_0x555b04b865a0 {0 0 0};
    %end;
    .thread T_2;
    .scope S_0x555b04b865a0;
T_3 ;
    %pushi/vec4 0, 0, 1;
    %store/vec4 v0x555b04bca8f0_0, 0, 1;
    %pushi/vec4 40, 0, 32;
T_3.0 %dup/vec4;
    %pushi/vec4 0, 0, 32;
    %cmp/s;
    %jmp/1xz T_3.1, 5;
    %jmp/1 T_3.1, 4;
    %pushi/vec4 1, 0, 32;
    %sub;
    %delay 500, 0;
    %load/vec4 v0x555b04bca8f0_0;
    %inv;
    %store/vec4 v0x555b04bca8f0_0, 0, 1;
    %jmp T_3.0;
T_3.1 ;
    %pop/vec4 1;
    %end;
    .thread T_3;
    .scope S_0x555b04b865a0;
T_4 ;
    %pushi/vec4 1, 0, 1;
    %store/vec4 v0x555b04bcac50_0, 0, 1;
    %delay 1200, 0;
    %pushi/vec4 0, 0, 1;
    %store/vec4 v0x555b04bcac50_0, 0, 1;
    %end;
    .thread T_4;
    .scope S_0x555b04b865a0;
T_5 ;
    %pushi/vec4 0, 0, 1;
    %store/vec4 v0x555b04bca9b0_0, 0, 1;
    %delay 600, 0;
    %pushi/vec4 1, 0, 1;
    %store/vec4 v0x555b04bca9b0_0, 0, 1;
    %delay 1900, 0;
    %pushi/vec4 0, 0, 1;
    %store/vec4 v0x555b04bca9b0_0, 0, 1;
    %delay 1600, 0;
    %pushi/vec4 1, 0, 1;
    %store/vec4 v0x555b04bca9b0_0, 0, 1;
    %delay 800, 0;
    %pushi/vec4 0, 0, 1;
    %store/vec4 v0x555b04bca9b0_0, 0, 1;
    %delay 2200, 0;
    %pushi/vec4 1, 0, 1;
    %store/vec4 v0x555b04bca9b0_0, 0, 1;
    %delay 3500, 0;
    %pushi/vec4 0, 0, 1;
    %store/vec4 v0x555b04bca9b0_0, 0, 1;
    %delay 1400, 0;
    %pushi/vec4 1, 0, 1;
    %store/vec4 v0x555b04bca9b0_0, 0, 1;
    %end;
    .thread T_5;
    .scope S_0x555b04b865a0;
T_6 ;
    %pushi/vec4 2, 0, 7;
    %store/vec4 v0x555b04bcaa80_0, 0, 7;
    %delay 5700, 0;
    %pushi/vec4 3, 0, 7;
    %store/vec4 v0x555b04bcaa80_0, 0, 7;
    %delay 4300, 0;
    %pushi/vec4 4, 0, 7;
    %store/vec4 v0x555b04bcaa80_0, 0, 7;
    %delay 2300, 0;
    %pushi/vec4 5, 0, 7;
    %store/vec4 v0x555b04bcaa80_0, 0, 7;
    %end;
    .thread T_6;
# The file index is used to find the file name in the following table.
:file_names 4;
    "N/A";
    "<interactive>";
    "FLS_tb.v";
    "FLS.v";
